<?xml version="1.0" encoding="UTF-8"?>
<!-- Generated by org.testng.reporters.JUnitXMLReporter -->
<testsuite ignored="4" hostname="LAPTOP-V2NOMDAU" failures="3" tests="3" name="Test" time="0.047" errors="0" timestamp="13 Feb 2021 17:17:13 GMT">
  <testcase classname="testCases.newCustomerTest" name="validateSubmitwithCorrectData" time="0.013">
    <failure type="java.lang.NullPointerException">
      <![CDATA[java.lang.NullPointerException
	at testCases.newCustomerTest.validateSubmitwithCorrectData(newCustomerTest.java:60)
... Removed 25 stack frames]]>
    </failure>
  </testcase> <!-- validateSubmitwithCorrectData -->
  <testcase classname="testCases.newCustomerTest" name="validateCIDwithTheLink" time="0.002">
    <failure type="java.lang.NullPointerException">
      <![CDATA[java.lang.NullPointerException
	at testCases.newCustomerTest.validateCIDwithTheLink(newCustomerTest.java:66)
... Removed 25 stack frames]]>
    </failure>
  </testcase> <!-- validateCIDwithTheLink -->
  <testcase classname="testCases.newCustomerTest" name="validateAddedDetails" time="0.001">
    <failure type="java.lang.NullPointerException">
      <![CDATA[java.lang.NullPointerException
	at testCases.newCustomerTest.validateAddedDetails(newCustomerTest.java:72)
... Removed 25 stack frames]]>
    </failure>
  </testcase> <!-- validateAddedDetails -->
  <testcase classname="testCases.newCustomerTest" name="validateonSubmit" time="0.0">
    <ignored/>
  </testcase> <!-- validateonSubmit -->
  <testcase classname="testCases.newCustomerTest" name="validateAddressTB" time="0.0">
    <ignored/>
  </testcase> <!-- validateAddressTB -->
  <testcase classname="testCases.newCustomerTest" name="validatePageName" time="0.0">
    <ignored/>
  </testcase> <!-- validatePageName -->
  <testcase classname="testCases.newCustomerTest" name="validateCustomerNameTB" time="0.0">
    <ignored/>
  </testcase> <!-- validateCustomerNameTB -->
</testsuite> <!-- Test -->
