<?xml version="1.0" encoding="UTF-8"?>
<!-- Generated by org.testng.reporters.JUnitXMLReporter -->
<testsuite ignored="0" hostname="LAPTOP-V2NOMDAU" failures="0" tests="13" name="New customer functionality" time="9.432" errors="0" timestamp="18 Feb 2021 07:50:53 GMT">
  <testcase classname="testCases.newCustomerTest" name="@BeforeTest setUp" time="9.365">
    <failure type="java.lang.NullPointerException">
      <![CDATA[java.lang.NullPointerException
	at com.bnk.base.Page.login(Page.java:78)
	at testCases.newCustomerTest.setUp(newCustomerTest.java:31)
... Removed 23 stack frames]]>
    </failure>
  </testcase> <!-- @BeforeTest setUp -->
  <testcase classname="testCases.newCustomerTest" name="@AfterTest tearDown" time="0.0">
    <skipped/>
  </testcase> <!-- @AfterTest tearDown -->
  <testcase classname="testCases.newCustomerTest" name="validatePageName" time="0.0">
    <skipped/>
  </testcase> <!-- validatePageName -->
  <testcase classname="testCases.newCustomerTest" name="validateonSubmit" time="0.0">
    <skipped/>
  </testcase> <!-- validateonSubmit -->
  <testcase classname="testCases.newCustomerTest" name="validateCustomerNameTB" time="0.0">
    <skipped/>
  </testcase> <!-- validateCustomerNameTB -->
  <testcase classname="testCases.newCustomerTest" name="validateCustomerNameTB" time="0.0">
    <skipped/>
  </testcase> <!-- validateCustomerNameTB -->
  <testcase classname="testCases.newCustomerTest" name="validateCustomerNameTB" time="0.0">
    <skipped/>
  </testcase> <!-- validateCustomerNameTB -->
  <testcase classname="testCases.newCustomerTest" name="validateAddressTB" time="0.0">
    <skipped/>
  </testcase> <!-- validateAddressTB -->
  <testcase classname="testCases.newCustomerTest" name="validateAddressTB" time="0.0">
    <skipped/>
  </testcase> <!-- validateAddressTB -->
  <testcase classname="testCases.newCustomerTest" name="validateSubmitwithCorrectData" time="0.0">
    <skipped/>
  </testcase> <!-- validateSubmitwithCorrectData -->
  <testcase classname="testCases.newCustomerTest" name="validateCIDwithTheLink" time="0.0">
    <skipped/>
  </testcase> <!-- validateCIDwithTheLink -->
  <testcase classname="testCases.newCustomerTest" name="validateReset" time="0.0">
    <skipped/>
  </testcase> <!-- validateReset -->
  <testcase classname="testCases.newCustomerTest" name="validateAddedDetails" time="0.0">
    <skipped/>
  </testcase> <!-- validateAddedDetails -->
  <testcase classname="testCases.newCustomerTest" name="newCutomerVerify" time="0.0">
    <skipped/>
  </testcase> <!-- newCutomerVerify -->
  <testcase classname="testCases.newCustomerTest" name="deleteCustomerVerfiy" time="0.0">
    <skipped/>
  </testcase> <!-- deleteCustomerVerfiy -->
</testsuite> <!-- New customer functionality -->
