<?xml version="1.0" encoding="UTF-8"?>
<!-- Generated by org.testng.reporters.JUnitXMLReporter -->
<testsuite ignored="7" hostname="LAPTOP-V2NOMDAU" failures="0" tests="3" name="NewCustomer" time="7.766" errors="0" timestamp="14 Feb 2021 17:29:21 GMT">
  <testcase classname="testCases.newCustomerTest" name="validatePageName" time="0.028"/>
  <testcase classname="testCases.newCustomerTest" name="validateReset" time="1.064"/>
  <testcase classname="testCases.newCustomerTest" name="deleteCustomerVerfiy" time="6.654"/>
  <testcase classname="testCases.newCustomerTest" name="validateonSubmit" time="0.0">
    <ignored/>
  </testcase> <!-- validateonSubmit -->
  <testcase classname="testCases.newCustomerTest" name="validateAddedDetails" time="0.0">
    <ignored/>
  </testcase> <!-- validateAddedDetails -->
  <testcase classname="testCases.newCustomerTest" name="validateAddressTB" time="0.0">
    <ignored/>
  </testcase> <!-- validateAddressTB -->
  <testcase classname="testCases.newCustomerTest" name="validateSubmitwithCorrectData" time="0.0">
    <ignored/>
  </testcase> <!-- validateSubmitwithCorrectData -->
  <testcase classname="testCases.newCustomerTest" name="newCutomerVerify" time="0.0">
    <ignored/>
  </testcase> <!-- newCutomerVerify -->
  <testcase classname="testCases.newCustomerTest" name="validateCIDwithTheLink" time="0.0">
    <ignored/>
  </testcase> <!-- validateCIDwithTheLink -->
  <testcase classname="testCases.newCustomerTest" name="validateCustomerNameTB" time="0.0">
    <ignored/>
  </testcase> <!-- validateCustomerNameTB -->
</testsuite> <!-- NewCustomer -->
